<?xml version="1.0" encoding="UTF-8"?>
<!-- Generated by org.testng.reporters.JUnitReportReporter -->
<testsuite hostname="DESKTOP-M1H2EC0" failures="0" tests="2" name="APay_StepDef.Apay_Runner" time="26.572" errors="0" timestamp="2024-04-15T11:38:39 IST" skipped="0">
  <testcase classname="APay_StepDef.Apay_Runner" name="runScenario" time="16.360"/>
  <testcase classname="APay_StepDef.Apay_Runner" name="runScenario" time="10.212"/>
</testsuite> <!-- APay_StepDef.Apay_Runner -->
