<?xml version="1.0" encoding="UTF-8"?>
<!-- Generated by org.testng.reporters.JUnitReportReporter -->
<testsuite hostname="DESKTOP-M1H2EC0" failures="0" tests="1" name="APay.Apay_Runner" time="29.896" errors="0" timestamp="2024-04-22T11:49:37 IST" skipped="0">
  <testcase classname="APay.Apay_Runner" name="runScenario" time="29.896"/>
</testsuite> <!-- APay.Apay_Runner -->
